Content-Type: multipart/alternative;
 boundary="===============8482732577406433148=="
MIME-Version: 1.0
Subject: Profile activation
From: test@example.com
To: jayanthi4820@gmail.com
Date: Fri, 07 Feb 2025 04:28:00 -0000
Message-ID: <173890248086.16120.9310162084288207457@DESKTOP-O0B4UHB>

--===============8482732577406433148==
Content-Type: text/plain; charset="utf-8"
MIME-Version: 1.0
Content-Transfer-Encoding: 7bit



To activate your profile, please follow this link:

http://127.0.0.1:8000/accounts/activate/ZbiPUNRNBgMaY1ZEr2SM/

--===============8482732577406433148==
Content-Type: text/html; charset="utf-8"
MIME-Version: 1.0
Content-Transfer-Encoding: 7bit



<!DOCTYPE html PUBLIC "-//W3C//DTD XHTML 1.0 Transitional//EN"
        "http://www.w3.org/TR/xhtml1/DTD/xhtml1-transitional.dtd">
<html xmlns="http://www.w3.org/1999/xhtml">
<head>
    <meta http-equiv="Content-Type" content="text/html; charset=UTF-8"/>
    <title>Profile activation</title>
    <meta name="viewport" content="width=device-width, initial-scale=1.0"/>
</head>

<body>

<p>
    To activate your profile, please follow this link:
</p>

<p>
    <a href="http://127.0.0.1:8000/accounts/activate/ZbiPUNRNBgMaY1ZEr2SM/">http://127.0.0.1:8000/accounts/activate/ZbiPUNRNBgMaY1ZEr2SM/</a>
</p>

</body>

</html>

--===============8482732577406433148==--

-------------------------------------------------------------------------------
